# JRE version: Java(TM) SE Runtime Environment (8.0_66-b18) (build 1.8.0_66-b18)
# Java VM: Java HotSpot(TM) 64-Bit Server VM (25.66-b18 mixed mode windows-amd64 compressed oops)
Heap:
 PSYoungGen      total 37376K, used 11511K [0x00000000d6400000, 0x00000000d9680000, 0x0000000100000000)
  eden space 32256K, 26% used [0x00000000d6400000,0x00000000d6c5f3d8,0x00000000d8380000)
  from space 5120K, 57% used [0x00000000d8400000,0x00000000d86debc0,0x00000000d8900000)
  to   space 9728K, 0% used [0x00000000d8d00000,0x00000000d8d00000,0x00000000d9680000)
 ParOldGen       total 86016K, used 4561K [0x0000000082c00000, 0x0000000088000000, 0x00000000d6400000)
  object space 86016K, 5% used [0x0000000082c00000,0x00000000830744e0,0x0000000088000000)
 Metaspace       used 12868K, capacity 13122K, committed 13312K, reserved 1060864K
  class space    used 1639K, capacity 1720K, committed 1792K, reserved 1048576K
GC Heap History (10 events):
Event: 0.962 GC heap before
{Heap before GC invocations=1 (full 0):
 PSYoungGen      total 37888K, used 31925K [0x00000000d6400000, 0x00000000d8e00000, 0x0000000100000000)
  eden space 32768K, 97% used [0x00000000d6400000,0x00000000d832d6e8,0x00000000d8400000)
  from space 5120K, 0% used [0x00000000d8900000,0x00000000d8900000,0x00000000d8e00000)
  to   space 5120K, 0% used [0x00000000d8400000,0x00000000d8400000,0x00000000d8900000)
 ParOldGen       total 86016K, used 0K [0x0000000082c00000, 0x0000000088000000, 0x00000000d6400000)
  object space 86016K, 0% used [0x0000000082c00000,0x0000000082c00000,0x0000000088000000)
 Metaspace       used 10164K, capacity 10390K, committed 10624K, reserved 1058816K
  class space    used 1276K, capacity 1349K, committed 1408K, reserved 1048576K
Event: 0.970 GC heap after
Heap after GC invocations=1 (full 0):
 PSYoungGen      total 37888K, used 5108K [0x00000000d6400000, 0x00000000d8e00000, 0x0000000100000000)
  eden space 32768K, 0% used [0x00000000d6400000,0x00000000d6400000,0x00000000d8400000)
  from space 5120K, 99% used [0x00000000d8400000,0x00000000d88fd060,0x00000000d8900000)
  to   space 5120K, 0% used [0x00000000d8900000,0x00000000d8900000,0x00000000d8e00000)
 ParOldGen       total 86016K, used 4506K [0x0000000082c00000, 0x0000000088000000, 0x00000000d6400000)
  object space 86016K, 5% used [0x0000000082c00000,0x0000000083066880,0x0000000088000000)
 Metaspace       used 10164K, capacity 10390K, committed 10624K, reserved 1058816K
  class space    used 1276K, capacity 1349K, committed 1408K, reserved 1048576K
}
Event: 3.549 GC heap before
{Heap before GC invocations=2 (full 0):
 PSYoungGen      total 37888K, used 37876K [0x00000000d6400000, 0x00000000d8e00000, 0x0000000100000000)
  eden space 32768K, 100% used [0x00000000d6400000,0x00000000d8400000,0x00000000d8400000)
  from space 5120K, 99% used [0x00000000d8400000,0x00000000d88fd060,0x00000000d8900000)
  to   space 5120K, 0% used [0x00000000d8900000,0x00000000d8900000,0x00000000d8e00000)
 ParOldGen       total 86016K, used 4506K [0x0000000082c00000, 0x0000000088000000, 0x00000000d6400000)
  object space 86016K, 5% used [0x0000000082c00000,0x0000000083066880,0x0000000088000000)
 Metaspace       used 11912K, capacity 12142K, committed 12416K, reserved 1060864K
  class space    used 1586K, capacity 1653K, committed 1664K, reserved 1048576K
Event: 3.554 GC heap after
Heap after GC invocations=2 (full 0):
 PSYoungGen      total 37888K, used 2932K [0x00000000d6400000, 0x00000000d8e00000, 0x0000000100000000)
  eden space 32768K, 0% used [0x00000000d6400000,0x00000000d6400000,0x00000000d8400000)
  from space 5120K, 57% used [0x00000000d8900000,0x00000000d8bdd0d0,0x00000000d8e00000)
  to   space 5120K, 0% used [0x00000000d8400000,0x00000000d8400000,0x00000000d8900000)
 ParOldGen       total 86016K, used 4537K [0x0000000082c00000, 0x0000000088000000, 0x00000000d6400000)
  object space 86016K, 5% used [0x0000000082c00000,0x000000008306e4e0,0x0000000088000000)
 Metaspace       used 11912K, capacity 12142K, committed 12416K, reserved 1060864K
  class space    used 1586K, capacity 1653K, committed 1664K, reserved 1048576K
}
Event: 7.457 GC heap before
{Heap before GC invocations=3 (full 0):
 PSYoungGen      total 37888K, used 35700K [0x00000000d6400000, 0x00000000d8e00000, 0x0000000100000000)
  eden space 32768K, 100% used [0x00000000d6400000,0x00000000d8400000,0x00000000d8400000)
  from space 5120K, 57% used [0x00000000d8900000,0x00000000d8bdd0d0,0x00000000d8e00000)
  to   space 5120K, 0% used [0x00000000d8400000,0x00000000d8400000,0x00000000d8900000)
 ParOldGen       total 86016K, used 4537K [0x0000000082c00000, 0x0000000088000000, 0x00000000d6400000)
  object space 86016K, 5% used [0x0000000082c00000,0x000000008306e4e0,0x0000000088000000)
 Metaspace       used 12630K, capacity 12858K, committed 13056K, reserved 1060864K
  class space    used 1638K, capacity 1720K, committed 1792K, reserved 1048576K
Event: 7.466 GC heap after
Heap after GC invocations=3 (full 0):
 PSYoungGen      total 37888K, used 2938K [0x00000000d6400000, 0x00000000d8e00000, 0x0000000100000000)
  eden space 32768K, 0% used [0x00000000d6400000,0x00000000d6400000,0x00000000d8400000)
  from space 5120K, 57% used [0x00000000d8400000,0x00000000d86debe0,0x00000000d8900000)
  to   space 5120K, 0% used [0x00000000d8900000,0x00000000d8900000,0x00000000d8e00000)
 ParOldGen       total 86016K, used 4545K [0x0000000082c00000, 0x0000000088000000, 0x00000000d6400000)
  object space 86016K, 5% used [0x0000000082c00000,0x00000000830704e0,0x0000000088000000)
 Metaspace       used 12630K, capacity 12858K, committed 13056K, reserved 1060864K
  class space    used 1638K, capacity 1720K, committed 1792K, reserved 1048576K
}
Event: 12.065 GC heap before
{Heap before GC invocations=4 (full 0):
 PSYoungGen      total 37888K, used 35562K [0x00000000d6400000, 0x00000000d8e00000, 0x0000000100000000)
  eden space 32768K, 99% used [0x00000000d6400000,0x00000000d83dbfe0,0x00000000d8400000)
  from space 5120K, 57% used [0x00000000d8400000,0x00000000d86debe0,0x00000000d8900000)
  to   space 5120K, 0% used [0x00000000d8900000,0x00000000d8900000,0x00000000d8e00000)
 ParOldGen       total 86016K, used 4545K [0x0000000082c00000, 0x0000000088000000, 0x00000000d6400000)
  object space 86016K, 5% used [0x0000000082c00000,0x00000000830704e0,0x0000000088000000)
 Metaspace       used 12715K, capacity 12986K, committed 13312K, reserved 1060864K
  class space    used 1638K, capacity 1720K, committed 1792K, reserved 1048576K
Event: 12.072 GC heap after
Heap after GC invocations=4 (full 0):
 PSYoungGen      total 37888K, used 2970K [0x00000000d6400000, 0x00000000d8e00000, 0x0000000100000000)
  eden space 32768K, 0% used [0x00000000d6400000,0x00000000d6400000,0x00000000d8400000)
  from space 5120K, 58% used [0x00000000d8900000,0x00000000d8be6bc0,0x00000000d8e00000)
  to   space 5120K, 0% used [0x00000000d8400000,0x00000000d8400000,0x00000000d8900000)
 ParOldGen       total 86016K, used 4553K [0x0000000082c00000, 0x0000000088000000, 0x00000000d6400000)
  object space 86016K, 5% used [0x0000000082c00000,0x00000000830724e0,0x0000000088000000)
 Metaspace       used 12715K, capacity 12986K, committed 13312K, reserved 1060864K
  class space    used 1638K, capacity 1720K, committed 1792K, reserved 1048576K
}
Event: 16.365 GC heap before
{Heap before GC invocations=5 (full 0):
 PSYoungGen      total 37888K, used 35738K [0x00000000d6400000, 0x00000000d8e00000, 0x0000000100000000)
  eden space 32768K, 100% used [0x00000000d6400000,0x00000000d8400000,0x00000000d8400000)
  from space 5120K, 58% used [0x00000000d8900000,0x00000000d8be6bc0,0x00000000d8e00000)
  to   space 5120K, 0% used [0x00000000d8400000,0x00000000d8400000,0x00000000d8900000)
 ParOldGen       total 86016K, used 4553K [0x0000000082c00000, 0x0000000088000000, 0x00000000d6400000)
  object space 86016K, 5% used [0x0000000082c00000,0x00000000830724e0,0x0000000088000000)
 Metaspace       used 12782K, capacity 13050K, committed 13312K, reserved 1060864K
  class space    used 1638K, capacity 1720K, committed 1792K, reserved 1048576K
Event: 16.372 GC heap after
Heap after GC invocations=5 (full 0):
 PSYoungGen      total 37376K, used 2938K [0x00000000d6400000, 0x00000000d9680000, 0x0000000100000000)
  eden space 32256K, 0% used [0x00000000d6400000,0x00000000d6400000,0x00000000d8380000)
  from space 5120K, 57% used [0x00000000d8400000,0x00000000d86debc0,0x00000000d8900000)
  to   space 9728K, 0% used [0x00000000d8d00000,0x00000000d8d00000,0x00000000d9680000)
 ParOldGen       total 86016K, used 4561K [0x0000000082c00000, 0x0000000088000000, 0x00000000d6400000)
  object space 86016K, 5% used [0x0000000082c00000,0x00000000830744e0,0x0000000088000000)
 Metaspace       used 12782K, capacity 13050K, committed 13312K, reserved 1060864K
  class space    used 1638K, capacity 1720K, committed 1792K, reserved 1048576K
}

